<?xml version="1.0" encoding="UTF-8"?>
<testng-results skipped="0" failed="0" ignored="0" total="2" passed="2">
  <reporter-output>
  </reporter-output>
  <suite name="Default suite" duration-ms="43207" started-at="2018-01-08T18:37:08Z" finished-at="2018-01-08T18:37:51Z">
    <groups>
    </groups>
    <test name="Default test" duration-ms="43207" started-at="2018-01-08T18:37:08Z" finished-at="2018-01-08T18:37:51Z">
      <class name="com.crm.qa.testcases.HomePageTest">
        <test-method status="PASS" signature="setUp()[pri:0, instance:com.crm.qa.testcases.HomePageTest@1caeb3e]" name="setUp" is-config="true" duration-ms="21286" started-at="2018-01-09T00:07:08Z" finished-at="2018-01-09T00:07:29Z">
          <reporter-output>
          </reporter-output>
        </test-method> <!-- setUp -->
        <test-method status="PASS" signature="verifyHomePageTitleTest()[pri:1, instance:com.crm.qa.testcases.HomePageTest@1caeb3e]" name="verifyHomePageTitleTest" duration-ms="155" started-at="2018-01-09T00:07:29Z" finished-at="2018-01-09T00:07:29Z">
          <reporter-output>
          </reporter-output>
        </test-method> <!-- verifyHomePageTitleTest -->
        <test-method status="PASS" signature="tearDown()[pri:0, instance:com.crm.qa.testcases.HomePageTest@1caeb3e]" name="tearDown" is-config="true" duration-ms="1595" started-at="2018-01-09T00:07:29Z" finished-at="2018-01-09T00:07:31Z">
          <reporter-output>
          </reporter-output>
        </test-method> <!-- tearDown -->
        <test-method status="PASS" signature="setUp()[pri:0, instance:com.crm.qa.testcases.HomePageTest@1caeb3e]" name="setUp" is-config="true" duration-ms="18173" started-at="2018-01-09T00:07:31Z" finished-at="2018-01-09T00:07:49Z">
          <reporter-output>
          </reporter-output>
        </test-method> <!-- setUp -->
        <test-method status="PASS" signature="verifyUserNameTest()[pri:2, instance:com.crm.qa.testcases.HomePageTest@1caeb3e]" name="verifyUserNameTest" duration-ms="362" started-at="2018-01-09T00:07:49Z" finished-at="2018-01-09T00:07:49Z">
          <reporter-output>
          </reporter-output>
        </test-method> <!-- verifyUserNameTest -->
        <test-method status="PASS" signature="tearDown()[pri:0, instance:com.crm.qa.testcases.HomePageTest@1caeb3e]" name="tearDown" is-config="true" duration-ms="1516" started-at="2018-01-09T00:07:49Z" finished-at="2018-01-09T00:07:51Z">
          <reporter-output>
          </reporter-output>
        </test-method> <!-- tearDown -->
      </class> <!-- com.crm.qa.testcases.HomePageTest -->
    </test> <!-- Default test -->
  </suite> <!-- Default suite -->
</testng-results>
